<?xml version="1.0" encoding="UTF-8" ?>
<testsuite failures="0" time="0.076" errors="0" skipped="0" tests="6" name="diff.ApplicationTest">
  <properties>
[...]
</properties>
  <testcase time="0.017" classname="diff.ApplicationTest" name="testMainLine"/>
  <testcase time="0.008" classname="diff.ApplicationTest" name="testMainWord"/>
  <testcase time="0.008" classname="diff.ApplicationTest" name="testMainCharacter"/>
  <testcase time="0.004" classname="diff.ApplicationTest" name="testMainCharacter2"/>
  <testcase time="0.004" classname="diff.ApplicationTest" name="testMainEqualFile"/>
  <testcase time="0.01" classname="diff.ApplicationTest" name="testAllGrain"/>
</testsuite>